<?xml version="1.0" encoding="UTF-8"?>
<!-- Generated by org.testng.reporters.JUnitReportReporter -->
<testsuite skipped="0" hostname="LAPTOP-04VGSOIC" name="week5.day1.testcase.DuplicateLead" tests="1" failures="0" timestamp="22 Sep 2019 03:42:41 GMT" time="30.125" errors="0">
  <testcase name="duplicateLeadRun" time="30.125" classname="week5.day1.testcase.DuplicateLead"/>
</testsuite> <!-- week5.day1.testcase.DuplicateLead -->
