<?xml version="1.0" encoding="UTF-8"?>
<!-- Generated by org.testng.reporters.JUnitReportReporter -->
<testsuite skipped="0" hostname="LAPTOP-04VGSOIC" name="week5.day1.testcase.EditLead" tests="3" failures="0" timestamp="27 Sep 2019 16:29:23 GMT" time="85.091" errors="0">
  <testcase name="editLeadRun" time="27.197" classname="week5.day1.testcase.EditLead"/>
  <testcase name="editLeadRun" time="31.533" classname="week5.day1.testcase.EditLead"/>
  <testcase name="editLeadRun" time="26.361" classname="week5.day1.testcase.EditLead"/>
</testsuite> <!-- week5.day1.testcase.EditLead -->
