<?xml version="1.0" encoding="UTF-8"?>
<!-- Generated by org.testng.reporters.JUnitReportReporter -->
<testsuite skipped="0" hostname="LAPTOP-04VGSOIC" name="week5.day1.testcase.CreateLead" tests="1" failures="0" timestamp="22 Sep 2019 14:27:23 GMT" time="30.766" errors="0">
  <testcase name="createLeadRun" time="30.766" classname="week5.day1.testcase.CreateLead"/>
</testsuite> <!-- week5.day1.testcase.CreateLead -->
