<?xml version="1.0" encoding="UTF-8"?>
<!-- Generated by org.testng.reporters.JUnitReportReporter -->
<testsuite skipped="0" hostname="LAPTOP-04VGSOIC" name="runnerPackage.RunTest" tests="3" failures="0" timestamp="28 Sep 2019 08:03:19 GMT" time="43.319" errors="0">
  <testcase name="runScenario" time="13.321" classname="runnerPackage.RunTest"/>
  <testcase name="runScenario" time="14.170" classname="runnerPackage.RunTest"/>
  <testcase name="runScenario" time="15.828" classname="runnerPackage.RunTest"/>
</testsuite> <!-- runnerPackage.RunTest -->
