<?xml version="1.0" encoding="UTF-8"?>
<!-- Generated by org.testng.reporters.JUnitReportReporter -->
<testsuite skipped="0" hostname="LAPTOP-04VGSOIC" name="week5.day1.testcase.DeleteLead" tests="1" failures="0" timestamp="22 Sep 2019 03:42:41 GMT" time="28.178" errors="0">
  <testcase name="deleteLeadRun" time="28.178" classname="week5.day1.testcase.DeleteLead"/>
</testsuite> <!-- week5.day1.testcase.DeleteLead -->
