<?xml version="1.0" encoding="UTF-8"?>
<!-- Generated by org.testng.reporters.JUnitReportReporter -->
<testsuite skipped="0" hostname="LAPTOP-04VGSOIC" name="boundryValueTest.TestCaseForBVA" tests="40" failures="4" timestamp="20 Nov 2019 17:25:00 GMT" time="2391.459" errors="0">
  <testcase name="executeBVATest" time="60.016" classname="boundryValueTest.TestCaseForBVA"/>
  <testcase name="executeBVATest" time="59.477" classname="boundryValueTest.TestCaseForBVA"/>
  <testcase name="executeBVATest" time="61.283" classname="boundryValueTest.TestCaseForBVA"/>
  <testcase name="executeBVATest" time="58.850" classname="boundryValueTest.TestCaseForBVA"/>
  <testcase name="executeBVATest" time="59.817" classname="boundryValueTest.TestCaseForBVA"/>
  <testcase name="executeBVATest" time="61.478" classname="boundryValueTest.TestCaseForBVA"/>
  <testcase name="executeBVATest" time="60.033" classname="boundryValueTest.TestCaseForBVA"/>
  <testcase name="executeBVATest" time="62.546" classname="boundryValueTest.TestCaseForBVA"/>
  <testcase name="executeBVATest" time="58.640" classname="boundryValueTest.TestCaseForBVA"/>
  <testcase name="executeBVATest" time="59.499" classname="boundryValueTest.TestCaseForBVA"/>
  <testcase name="executeBVATest" time="60.833" classname="boundryValueTest.TestCaseForBVA"/>
  <testcase name="executeBVATest" time="60.935" classname="boundryValueTest.TestCaseForBVA"/>
  <testcase name="executeBVATest" time="54.463" classname="boundryValueTest.TestCaseForBVA">
    <failure type="java.lang.AssertionError" message="Invalid Data Input">
      <![CDATA[java.lang.AssertionError: Invalid Data Input
at org.testng.Assert.fail(Assert.java:96)
at projectPages.RegisterationPage.verifyTest(RegisterationPage.java:81)
at boundryValueTest.TestCaseForBVA.executeBVATest(TestCaseForBVA.java:26)
at sun.reflect.GeneratedMethodAccessor2.invoke(Unknown Source)
at sun.reflect.DelegatingMethodAccessorImpl.invoke(DelegatingMethodAccessorImpl.java:43)
at java.lang.reflect.Method.invoke(Method.java:498)
at org.testng.internal.MethodInvocationHelper.invokeMethod(MethodInvocationHelper.java:124)
at org.testng.internal.Invoker.invokeMethod(Invoker.java:583)
at org.testng.internal.Invoker.invokeTestMethod(Invoker.java:719)
at org.testng.internal.Invoker.invokeTestMethods(Invoker.java:989)
at org.testng.internal.TestMethodWorker.invokeTestMethods(TestMethodWorker.java:125)
at org.testng.internal.TestMethodWorker.run(TestMethodWorker.java:109)
at java.util.concurrent.ThreadPoolExecutor.runWorker(ThreadPoolExecutor.java:1149)
at java.util.concurrent.ThreadPoolExecutor$Worker.run(ThreadPoolExecutor.java:624)
at java.lang.Thread.run(Thread.java:748)
]]>
    </failure>
  </testcase> <!-- executeBVATest -->
  <testcase name="executeBVATest" time="60.276" classname="boundryValueTest.TestCaseForBVA"/>
  <testcase name="executeBVATest" time="60.363" classname="boundryValueTest.TestCaseForBVA"/>
  <testcase name="executeBVATest" time="60.152" classname="boundryValueTest.TestCaseForBVA"/>
  <testcase name="executeBVATest" time="51.352" classname="boundryValueTest.TestCaseForBVA">
    <failure type="java.lang.AssertionError" message="Invalid Data Input">
      <![CDATA[java.lang.AssertionError: Invalid Data Input
at org.testng.Assert.fail(Assert.java:96)
at projectPages.RegisterationPage.verifyTest(RegisterationPage.java:81)
at boundryValueTest.TestCaseForBVA.executeBVATest(TestCaseForBVA.java:26)
at sun.reflect.GeneratedMethodAccessor2.invoke(Unknown Source)
at sun.reflect.DelegatingMethodAccessorImpl.invoke(DelegatingMethodAccessorImpl.java:43)
at java.lang.reflect.Method.invoke(Method.java:498)
at org.testng.internal.MethodInvocationHelper.invokeMethod(MethodInvocationHelper.java:124)
at org.testng.internal.Invoker.invokeMethod(Invoker.java:583)
at org.testng.internal.Invoker.invokeTestMethod(Invoker.java:719)
at org.testng.internal.Invoker.invokeTestMethods(Invoker.java:989)
at org.testng.internal.TestMethodWorker.invokeTestMethods(TestMethodWorker.java:125)
at org.testng.internal.TestMethodWorker.run(TestMethodWorker.java:109)
at java.util.concurrent.ThreadPoolExecutor.runWorker(ThreadPoolExecutor.java:1149)
at java.util.concurrent.ThreadPoolExecutor$Worker.run(ThreadPoolExecutor.java:624)
at java.lang.Thread.run(Thread.java:748)
]]>
    </failure>
  </testcase> <!-- executeBVATest -->
  <testcase name="executeBVATest" time="61.757" classname="boundryValueTest.TestCaseForBVA"/>
  <testcase name="executeBVATest" time="59.590" classname="boundryValueTest.TestCaseForBVA"/>
  <testcase name="executeBVATest" time="60.282" classname="boundryValueTest.TestCaseForBVA"/>
  <testcase name="executeBVATest" time="50.376" classname="boundryValueTest.TestCaseForBVA">
    <failure type="java.lang.AssertionError" message="Invalid Data Input">
      <![CDATA[java.lang.AssertionError: Invalid Data Input
at org.testng.Assert.fail(Assert.java:96)
at projectPages.RegisterationPage.verifyTest(RegisterationPage.java:81)
at boundryValueTest.TestCaseForBVA.executeBVATest(TestCaseForBVA.java:26)
at sun.reflect.NativeMethodAccessorImpl.invoke0(Native Method)
at sun.reflect.NativeMethodAccessorImpl.invoke(NativeMethodAccessorImpl.java:62)
at sun.reflect.DelegatingMethodAccessorImpl.invoke(DelegatingMethodAccessorImpl.java:43)
at java.lang.reflect.Method.invoke(Method.java:498)
at org.testng.internal.MethodInvocationHelper.invokeMethod(MethodInvocationHelper.java:124)
at org.testng.internal.Invoker.invokeMethod(Invoker.java:583)
at org.testng.internal.Invoker.invokeTestMethod(Invoker.java:719)
at org.testng.internal.Invoker.invokeTestMethods(Invoker.java:989)
at org.testng.internal.TestMethodWorker.invokeTestMethods(TestMethodWorker.java:125)
at org.testng.internal.TestMethodWorker.run(TestMethodWorker.java:109)
at java.util.concurrent.ThreadPoolExecutor.runWorker(ThreadPoolExecutor.java:1149)
at java.util.concurrent.ThreadPoolExecutor$Worker.run(ThreadPoolExecutor.java:624)
at java.lang.Thread.run(Thread.java:748)
]]>
    </failure>
  </testcase> <!-- executeBVATest -->
  <testcase name="executeBVATest" time="61.064" classname="boundryValueTest.TestCaseForBVA"/>
  <testcase name="executeBVATest" time="60.895" classname="boundryValueTest.TestCaseForBVA"/>
  <testcase name="executeBVATest" time="53.377" classname="boundryValueTest.TestCaseForBVA">
    <failure type="java.lang.AssertionError" message="Invalid Data Input">
      <![CDATA[java.lang.AssertionError: Invalid Data Input
at org.testng.Assert.fail(Assert.java:96)
at projectPages.RegisterationPage.verifyTest(RegisterationPage.java:81)
at boundryValueTest.TestCaseForBVA.executeBVATest(TestCaseForBVA.java:26)
at sun.reflect.GeneratedMethodAccessor2.invoke(Unknown Source)
at sun.reflect.DelegatingMethodAccessorImpl.invoke(DelegatingMethodAccessorImpl.java:43)
at java.lang.reflect.Method.invoke(Method.java:498)
at org.testng.internal.MethodInvocationHelper.invokeMethod(MethodInvocationHelper.java:124)
at org.testng.internal.Invoker.invokeMethod(Invoker.java:583)
at org.testng.internal.Invoker.invokeTestMethod(Invoker.java:719)
at org.testng.internal.Invoker.invokeTestMethods(Invoker.java:989)
at org.testng.internal.TestMethodWorker.invokeTestMethods(TestMethodWorker.java:125)
at org.testng.internal.TestMethodWorker.run(TestMethodWorker.java:109)
at java.util.concurrent.ThreadPoolExecutor.runWorker(ThreadPoolExecutor.java:1149)
at java.util.concurrent.ThreadPoolExecutor$Worker.run(ThreadPoolExecutor.java:624)
at java.lang.Thread.run(Thread.java:748)
]]>
    </failure>
  </testcase> <!-- executeBVATest -->
  <testcase name="executeBVATest" time="60.122" classname="boundryValueTest.TestCaseForBVA"/>
  <testcase name="executeBVATest" time="59.954" classname="boundryValueTest.TestCaseForBVA"/>
  <testcase name="executeBVATest" time="60.480" classname="boundryValueTest.TestCaseForBVA"/>
  <testcase name="executeBVATest" time="62.219" classname="boundryValueTest.TestCaseForBVA"/>
  <testcase name="executeBVATest" time="60.486" classname="boundryValueTest.TestCaseForBVA"/>
  <testcase name="executeBVATest" time="60.189" classname="boundryValueTest.TestCaseForBVA"/>
  <testcase name="executeBVATest" time="60.865" classname="boundryValueTest.TestCaseForBVA"/>
  <testcase name="executeBVATest" time="63.886" classname="boundryValueTest.TestCaseForBVA"/>
  <testcase name="executeBVATest" time="60.202" classname="boundryValueTest.TestCaseForBVA"/>
  <testcase name="executeBVATest" time="60.477" classname="boundryValueTest.TestCaseForBVA"/>
  <testcase name="executeBVATest" time="59.746" classname="boundryValueTest.TestCaseForBVA"/>
  <testcase name="executeBVATest" time="61.575" classname="boundryValueTest.TestCaseForBVA"/>
  <testcase name="executeBVATest" time="59.859" classname="boundryValueTest.TestCaseForBVA"/>
  <testcase name="executeBVATest" time="62.937" classname="boundryValueTest.TestCaseForBVA"/>
  <testcase name="executeBVATest" time="59.918" classname="boundryValueTest.TestCaseForBVA"/>
  <testcase name="executeBVATest" time="61.190" classname="boundryValueTest.TestCaseForBVA"/>
</testsuite> <!-- boundryValueTest.TestCaseForBVA -->
