<?xml version="1.0" encoding="UTF-8"?>
<!-- Generated by org.testng.reporters.JUnitReportReporter -->
<testsuite skipped="0" hostname="LAPTOP-04VGSOIC" name="projectTestcases.TC001_CreateLead_TestCase" tests="1" failures="0" timestamp="29 Sep 2019 07:58:09 GMT" time="25.687" errors="0">
  <testcase name="executeCreateLead" time="25.687" classname="projectTestcases.TC001_CreateLead_TestCase"/>
</testsuite> <!-- projectTestcases.TC001_CreateLead_TestCase -->
