<?xml version="1.0" encoding="UTF-8"?>
<!-- Generated by org.testng.reporters.JUnitReportReporter -->
<testsuite skipped="0" hostname="LAPTOP-04VGSOIC" name="com.leafBot.testcases.TC001_CreateLead" tests="1" failures="0" timestamp="12 Oct 2019 06:58:47 GMT" time="28.573" errors="0">
  <testcase name="runTC001" time="28.573" classname="com.leafBot.testcases.TC001_CreateLead"/>
</testsuite> <!-- com.leafBot.testcases.TC001_CreateLead -->
