<?xml version="1.0" encoding="UTF-8"?>
<!-- Generated by org.testng.reporters.JUnitReportReporter -->
<testsuite skipped="0" hostname="LAPTOP-04VGSOIC" name="testCase.TC_ACMEfindCountry" tests="1" failures="0" timestamp="12 Oct 2019 10:03:35 GMT" time="18.145" errors="0">
  <testcase name="executeTest" time="18.145" classname="testCase.TC_ACMEfindCountry"/>
</testsuite> <!-- testCase.TC_ACMEfindCountry -->
